{"level":50,"time":1667872664331,"pid":5768,"hostname":"LAPTOP-LNG7Q586","msg":"Mon Nov 07 2022 22:57:44 GMT-0300 (hora estándar de Argentina) GET /products SyntaxError: Unexpected token u in JSON at position 0"}
{"level":50,"time":1667872669143,"pid":5768,"hostname":"LAPTOP-LNG7Q586","msg":"Mon Nov 07 2022 22:57:49 GMT-0300 (hora estándar de Argentina) GET /products SyntaxError: Unexpected token u in JSON at position 0"}
{"level":50,"time":1667872673121,"pid":5768,"hostname":"LAPTOP-LNG7Q586","msg":"Mon Nov 07 2022 22:57:53 GMT-0300 (hora estándar de Argentina) GET /products SyntaxError: Unexpected token u in JSON at position 0"}
{"level":50,"time":1667872686133,"pid":5768,"hostname":"LAPTOP-LNG7Q586","msg":"Mon Nov 07 2022 22:58:06 GMT-0300 (hora estándar de Argentina) GET /products SyntaxError: Unexpected token u in JSON at position 0"}
{"level":50,"time":1667872700285,"pid":5768,"hostname":"LAPTOP-LNG7Q586","msg":"Mon Nov 07 2022 22:58:20 GMT-0300 (hora estándar de Argentina) GET /products SyntaxError: Unexpected token u in JSON at position 0"}
{"level":50,"time":1667872704504,"pid":5768,"hostname":"LAPTOP-LNG7Q586","msg":"Mon Nov 07 2022 22:58:24 GMT-0300 (hora estándar de Argentina) GET /products SyntaxError: Unexpected token u in JSON at position 0"}
{"level":50,"time":1667872775726,"pid":5768,"hostname":"LAPTOP-LNG7Q586","msg":"Mon Nov 07 2022 22:59:35 GMT-0300 (hora estándar de Argentina) GET /products SyntaxError: Unexpected token u in JSON at position 0"}
{"level":50,"time":1667872782370,"pid":5768,"hostname":"LAPTOP-LNG7Q586","msg":"Mon Nov 07 2022 22:59:42 GMT-0300 (hora estándar de Argentina) GET /products SyntaxError: Unexpected token u in JSON at position 0"}
{"level":50,"time":1667872829766,"pid":19820,"hostname":"LAPTOP-LNG7Q586","msg":"Mon Nov 07 2022 23:00:29 GMT-0300 (hora estándar de Argentina) GET /products SyntaxError: Unexpected token u in JSON at position 0"}
{"level":50,"time":1667872831546,"pid":19820,"hostname":"LAPTOP-LNG7Q586","msg":"Mon Nov 07 2022 23:00:31 GMT-0300 (hora estándar de Argentina) GET /products SyntaxError: Unexpected token u in JSON at position 0"}
{"level":50,"time":1667872834207,"pid":19820,"hostname":"LAPTOP-LNG7Q586","msg":"Mon Nov 07 2022 23:00:34 GMT-0300 (hora estándar de Argentina) GET /products SyntaxError: Unexpected token u in JSON at position 0"}
{"level":50,"time":1667872923981,"pid":29220,"hostname":"LAPTOP-LNG7Q586","msg":"Mon Nov 07 2022 23:02:03 GMT-0300 (hora estándar de Argentina) GET /products SyntaxError: Unexpected token u in JSON at position 0"}
{"level":50,"time":1667872925970,"pid":29220,"hostname":"LAPTOP-LNG7Q586","msg":"Mon Nov 07 2022 23:02:05 GMT-0300 (hora estándar de Argentina) GET /products SyntaxError: Unexpected token u in JSON at position 0"}
{"level":50,"time":1667872928019,"pid":29220,"hostname":"LAPTOP-LNG7Q586","msg":"Mon Nov 07 2022 23:02:08 GMT-0300 (hora estándar de Argentina) GET /products SyntaxError: Unexpected token u in JSON at position 0"}
{"level":50,"time":1667872932347,"pid":29220,"hostname":"LAPTOP-LNG7Q586","msg":"Mon Nov 07 2022 23:02:12 GMT-0300 (hora estándar de Argentina) GET /products SyntaxError: Unexpected token u in JSON at position 0"}
{"level":50,"time":1667873237341,"pid":24944,"hostname":"LAPTOP-LNG7Q586","msg":"Mon Nov 07 2022 23:07:17 GMT-0300 (hora estándar de Argentina) GET /products SyntaxError: Unexpected token u in JSON at position 0"}
{"level":50,"time":1667873237874,"pid":24944,"hostname":"LAPTOP-LNG7Q586","msg":"Mon Nov 07 2022 23:07:17 GMT-0300 (hora estándar de Argentina) GET /products SyntaxError: Unexpected token u in JSON at position 0"}
{"level":50,"time":1667873239800,"pid":24944,"hostname":"LAPTOP-LNG7Q586","msg":"Mon Nov 07 2022 23:07:19 GMT-0300 (hora estándar de Argentina) GET /products SyntaxError: Unexpected token u in JSON at position 0"}
{"level":50,"time":1667873284734,"pid":33112,"hostname":"LAPTOP-LNG7Q586","msg":"Mon Nov 07 2022 23:08:04 GMT-0300 (hora estándar de Argentina) GET /products SyntaxError: Unexpected token u in JSON at position 0"}
{"level":50,"time":1667873286325,"pid":33112,"hostname":"LAPTOP-LNG7Q586","msg":"Mon Nov 07 2022 23:08:06 GMT-0300 (hora estándar de Argentina) GET /products SyntaxError: Unexpected token u in JSON at position 0"}
{"level":50,"time":1667873415864,"pid":19576,"hostname":"LAPTOP-LNG7Q586","msg":"Mon Nov 07 2022 23:10:15 GMT-0300 (hora estándar de Argentina) GET /products SyntaxError: Unexpected token u in JSON at position 0"}
{"level":50,"time":1667873418860,"pid":19576,"hostname":"LAPTOP-LNG7Q586","msg":"Mon Nov 07 2022 23:10:18 GMT-0300 (hora estándar de Argentina) GET /products SyntaxError: Unexpected token u in JSON at position 0"}
{"level":50,"time":1667873420505,"pid":19576,"hostname":"LAPTOP-LNG7Q586","msg":"Mon Nov 07 2022 23:10:20 GMT-0300 (hora estándar de Argentina) POST /products TypeError: Cannot read properties of undefined (reading 'products')"}
{"level":50,"time":1667873430402,"pid":19576,"hostname":"LAPTOP-LNG7Q586","msg":"Mon Nov 07 2022 23:10:30 GMT-0300 (hora estándar de Argentina) POST /products TypeError: Cannot read properties of undefined (reading 'products')"}
{"level":50,"time":1667873434012,"pid":19576,"hostname":"LAPTOP-LNG7Q586","msg":"Mon Nov 07 2022 23:10:34 GMT-0300 (hora estándar de Argentina) POST /products TypeError: Cannot read properties of undefined (reading 'products')"}
{"level":50,"time":1667873459584,"pid":4524,"hostname":"LAPTOP-LNG7Q586","msg":"Mon Nov 07 2022 23:10:59 GMT-0300 (hora estándar de Argentina) GET /products SyntaxError: Unexpected token u in JSON at position 0"}
{"level":50,"time":1667873464557,"pid":4524,"hostname":"LAPTOP-LNG7Q586","msg":"Mon Nov 07 2022 23:11:04 GMT-0300 (hora estándar de Argentina) GET /products SyntaxError: Unexpected token u in JSON at position 0"}
{"level":50,"time":1667873466049,"pid":4524,"hostname":"LAPTOP-LNG7Q586","msg":"Mon Nov 07 2022 23:11:06 GMT-0300 (hora estándar de Argentina) GET /products SyntaxError: Unexpected token u in JSON at position 0"}
{"level":50,"time":1667873475118,"pid":30480,"hostname":"LAPTOP-LNG7Q586","msg":"Mon Nov 07 2022 23:11:15 GMT-0300 (hora estándar de Argentina) GET /products SyntaxError: Unexpected token u in JSON at position 0"}
{"level":50,"time":1667873480906,"pid":30480,"hostname":"LAPTOP-LNG7Q586","msg":"Mon Nov 07 2022 23:11:20 GMT-0300 (hora estándar de Argentina) POST /products TypeError: Cannot read properties of undefined (reading 'products')"}
{"level":50,"time":1667873503477,"pid":23492,"hostname":"LAPTOP-LNG7Q586","msg":"Mon Nov 07 2022 23:11:43 GMT-0300 (hora estándar de Argentina) GET /products SyntaxError: Unexpected token u in JSON at position 0"}
{"level":50,"time":1667873504978,"pid":23492,"hostname":"LAPTOP-LNG7Q586","msg":"Mon Nov 07 2022 23:11:44 GMT-0300 (hora estándar de Argentina) GET /products SyntaxError: Unexpected token u in JSON at position 0"}
{"level":50,"time":1667873549327,"pid":21936,"hostname":"LAPTOP-LNG7Q586","msg":"Mon Nov 07 2022 23:12:29 GMT-0300 (hora estándar de Argentina) GET /products SyntaxError: Unexpected token u in JSON at position 0"}
{"level":50,"time":1667873552090,"pid":21936,"hostname":"LAPTOP-LNG7Q586","msg":"Mon Nov 07 2022 23:12:32 GMT-0300 (hora estándar de Argentina) GET /products SyntaxError: Unexpected token u in JSON at position 0"}
{"level":50,"time":1667873553797,"pid":21936,"hostname":"LAPTOP-LNG7Q586","msg":"Mon Nov 07 2022 23:12:33 GMT-0300 (hora estándar de Argentina) GET /products SyntaxError: Unexpected token u in JSON at position 0"}
{"level":50,"time":1667873571052,"pid":25428,"hostname":"LAPTOP-LNG7Q586","msg":"Mon Nov 07 2022 23:12:51 GMT-0300 (hora estándar de Argentina) GET /products SyntaxError: Unexpected token u in JSON at position 0"}
{"level":50,"time":1667873572279,"pid":25428,"hostname":"LAPTOP-LNG7Q586","msg":"Mon Nov 07 2022 23:12:52 GMT-0300 (hora estándar de Argentina) GET /products SyntaxError: Unexpected token u in JSON at position 0"}
{"level":50,"time":1667873573662,"pid":25428,"hostname":"LAPTOP-LNG7Q586","msg":"Mon Nov 07 2022 23:12:53 GMT-0300 (hora estándar de Argentina) GET /products SyntaxError: Unexpected token u in JSON at position 0"}
{"level":50,"time":1667873681382,"pid":28948,"hostname":"LAPTOP-LNG7Q586","msg":"Mon Nov 07 2022 23:14:41 GMT-0300 (hora estándar de Argentina) GET /products SyntaxError: Unexpected token u in JSON at position 0"}
{"level":50,"time":1667873681722,"pid":28948,"hostname":"LAPTOP-LNG7Q586","msg":"Mon Nov 07 2022 23:14:41 GMT-0300 (hora estándar de Argentina) GET /products SyntaxError: Unexpected token u in JSON at position 0"}
{"level":50,"time":1667873683552,"pid":28948,"hostname":"LAPTOP-LNG7Q586","msg":"Mon Nov 07 2022 23:14:43 GMT-0300 (hora estándar de Argentina) POST /products TypeError: Cannot read properties of undefined (reading 'products')"}
{"level":50,"time":1667873888102,"pid":32464,"hostname":"LAPTOP-LNG7Q586","msg":"Mon Nov 07 2022 23:18:08 GMT-0300 (hora estándar de Argentina) GET /products SyntaxError: Unexpected token u in JSON at position 0"}
{"level":50,"time":1667873890116,"pid":32464,"hostname":"LAPTOP-LNG7Q586","msg":"Mon Nov 07 2022 23:18:10 GMT-0300 (hora estándar de Argentina) POST /products TypeError: Cannot read properties of undefined (reading 'products')"}
{"level":50,"time":1667873913862,"pid":22684,"hostname":"LAPTOP-LNG7Q586","msg":"Mon Nov 07 2022 23:18:33 GMT-0300 (hora estándar de Argentina) GET /products SyntaxError: Unexpected token u in JSON at position 0"}
{"level":50,"time":1667873924199,"pid":19152,"hostname":"LAPTOP-LNG7Q586","msg":"Mon Nov 07 2022 23:18:44 GMT-0300 (hora estándar de Argentina) GET /products SyntaxError: Unexpected token u in JSON at position 0"}
{"level":50,"time":1667873925530,"pid":19152,"hostname":"LAPTOP-LNG7Q586","msg":"Mon Nov 07 2022 23:18:45 GMT-0300 (hora estándar de Argentina) POST /products TypeError: Cannot read properties of undefined (reading 'products')"}
{"level":50,"time":1667874037111,"pid":7152,"hostname":"LAPTOP-LNG7Q586","msg":"Mon Nov 07 2022 23:20:37 GMT-0300 (hora estándar de Argentina) GET /products SyntaxError: Unexpected token u in JSON at position 0"}
{"level":50,"time":1667874039253,"pid":7152,"hostname":"LAPTOP-LNG7Q586","msg":"Mon Nov 07 2022 23:20:39 GMT-0300 (hora estándar de Argentina) GET /products SyntaxError: Unexpected token u in JSON at position 0"}
{"level":50,"time":1667874040714,"pid":7152,"hostname":"LAPTOP-LNG7Q586","msg":"Mon Nov 07 2022 23:20:40 GMT-0300 (hora estándar de Argentina) POST /products SyntaxError: Unexpected token u in JSON at position 0"}
{"level":50,"time":1667874070880,"pid":17364,"hostname":"LAPTOP-LNG7Q586","msg":"Mon Nov 07 2022 23:21:10 GMT-0300 (hora estándar de Argentina) GET /products SyntaxError: Unexpected token u in JSON at position 0"}
{"level":50,"time":1667874072146,"pid":17364,"hostname":"LAPTOP-LNG7Q586","msg":"Mon Nov 07 2022 23:21:12 GMT-0300 (hora estándar de Argentina) GET /products SyntaxError: Unexpected token u in JSON at position 0"}
{"level":50,"time":1667874073604,"pid":17364,"hostname":"LAPTOP-LNG7Q586","msg":"Mon Nov 07 2022 23:21:13 GMT-0300 (hora estándar de Argentina) POST /products SyntaxError: Unexpected token u in JSON at position 0"}
{"level":50,"time":1667874111792,"pid":29772,"hostname":"LAPTOP-LNG7Q586","msg":"Mon Nov 07 2022 23:21:51 GMT-0300 (hora estándar de Argentina) GET /products SyntaxError: Unexpected token u in JSON at position 0"}
{"level":50,"time":1667874113207,"pid":29772,"hostname":"LAPTOP-LNG7Q586","msg":"Mon Nov 07 2022 23:21:53 GMT-0300 (hora estándar de Argentina) POST /products SyntaxError: Unexpected token u in JSON at position 0"}
{"level":50,"time":1667874144127,"pid":31120,"hostname":"LAPTOP-LNG7Q586","msg":"Mon Nov 07 2022 23:22:24 GMT-0300 (hora estándar de Argentina) GET /products SyntaxError: Unexpected token u in JSON at position 0"}
{"level":50,"time":1667874144972,"pid":31120,"hostname":"LAPTOP-LNG7Q586","msg":"Mon Nov 07 2022 23:22:24 GMT-0300 (hora estándar de Argentina) POST /products SyntaxError: Unexpected token u in JSON at position 0"}
{"level":50,"time":1667874864761,"pid":33316,"hostname":"LAPTOP-LNG7Q586","msg":"Mon Nov 07 2022 23:34:24 GMT-0300 (hora estándar de Argentina) GET /products TypeError: Cannot read properties of undefined (reading 'find')"}
{"level":50,"time":1667874869997,"pid":33316,"hostname":"LAPTOP-LNG7Q586","msg":"Mon Nov 07 2022 23:34:29 GMT-0300 (hora estándar de Argentina) DELETE /products Error [ERR_HTTP_HEADERS_SENT]: Cannot set headers after they are sent to the client"}
{"level":50,"time":1667874877178,"pid":33316,"hostname":"LAPTOP-LNG7Q586","msg":"Mon Nov 07 2022 23:34:37 GMT-0300 (hora estándar de Argentina) POST /products TypeError: Cannot read properties of undefined (reading 'find')"}
{"level":50,"time":1667874881443,"pid":33316,"hostname":"LAPTOP-LNG7Q586","msg":"Mon Nov 07 2022 23:34:41 GMT-0300 (hora estándar de Argentina) POST /products TypeError: Cannot read properties of undefined (reading 'find')"}
{"level":50,"time":1667874882323,"pid":33316,"hostname":"LAPTOP-LNG7Q586","msg":"Mon Nov 07 2022 23:34:42 GMT-0300 (hora estándar de Argentina) POST /products TypeError: Cannot read properties of undefined (reading 'find')"}
{"level":50,"time":1667874920603,"pid":17484,"hostname":"LAPTOP-LNG7Q586","msg":"Mon Nov 07 2022 23:35:20 GMT-0300 (hora estándar de Argentina) DELETE /products Error [ERR_HTTP_HEADERS_SENT]: Cannot set headers after they are sent to the client"}
{"level":50,"time":1667950380287,"pid":17728,"hostname":"LAPTOP-LNG7Q586","msg":"Tue Nov 08 2022 20:33:00 GMT-0300 (hora estándar de Argentina) DELETE /products Error [ERR_HTTP_HEADERS_SENT]: Cannot set headers after they are sent to the client"}
{"level":50,"time":1667951817254,"pid":17120,"hostname":"LAPTOP-LNG7Q586","msg":"Tue Nov 08 2022 20:56:57 GMT-0300 (hora estándar de Argentina) PUT /products Error [ERR_HTTP_HEADERS_SENT]: Cannot set headers after they are sent to the client"}
{"level":50,"time":1667951819608,"pid":17120,"hostname":"LAPTOP-LNG7Q586","msg":"Tue Nov 08 2022 20:56:59 GMT-0300 (hora estándar de Argentina) PUT /products Error [ERR_HTTP_HEADERS_SENT]: Cannot set headers after they are sent to the client"}
{"level":50,"time":1667951821843,"pid":17120,"hostname":"LAPTOP-LNG7Q586","msg":"Tue Nov 08 2022 20:57:01 GMT-0300 (hora estándar de Argentina) PUT /products Error [ERR_HTTP_HEADERS_SENT]: Cannot set headers after they are sent to the client"}
{"level":50,"time":1667951823798,"pid":17120,"hostname":"LAPTOP-LNG7Q586","msg":"Tue Nov 08 2022 20:57:03 GMT-0300 (hora estándar de Argentina) PUT /products Error [ERR_HTTP_HEADERS_SENT]: Cannot set headers after they are sent to the client"}
{"level":50,"time":1667951824786,"pid":17120,"hostname":"LAPTOP-LNG7Q586","msg":"Tue Nov 08 2022 20:57:04 GMT-0300 (hora estándar de Argentina) PUT /products Error [ERR_HTTP_HEADERS_SENT]: Cannot set headers after they are sent to the client"}
{"level":50,"time":1667951828144,"pid":17120,"hostname":"LAPTOP-LNG7Q586","msg":"Tue Nov 08 2022 20:57:08 GMT-0300 (hora estándar de Argentina) DELETE /products Error [ERR_HTTP_HEADERS_SENT]: Cannot set headers after they are sent to the client"}
{"level":50,"time":1667951829731,"pid":17120,"hostname":"LAPTOP-LNG7Q586","msg":"Tue Nov 08 2022 20:57:09 GMT-0300 (hora estándar de Argentina) DELETE /products Error [ERR_HTTP_HEADERS_SENT]: Cannot set headers after they are sent to the client"}
{"level":50,"time":1667951893824,"pid":14944,"hostname":"LAPTOP-LNG7Q586","msg":"Tue Nov 08 2022 20:58:13 GMT-0300 (hora estándar de Argentina) PUT /products Error [ERR_HTTP_HEADERS_SENT]: Cannot set headers after they are sent to the client"}
{"level":50,"time":1667952177013,"pid":13600,"hostname":"LAPTOP-LNG7Q586","msg":"Tue Nov 08 2022 21:02:57 GMT-0300 (hora estándar de Argentina) DELETE /products Error [ERR_HTTP_HEADERS_SENT]: Cannot set headers after they are sent to the client"}
{"level":50,"time":1667952519140,"pid":29296,"hostname":"LAPTOP-LNG7Q586","msg":"Tue Nov 08 2022 21:08:39 GMT-0300 (hora estándar de Argentina) PUT /products Error [ERR_HTTP_HEADERS_SENT]: Cannot set headers after they are sent to the client"}
{"level":50,"time":1667955526695,"pid":22856,"hostname":"LAPTOP-LNG7Q586","msg":"Tue Nov 08 2022 21:58:46 GMT-0300 (hora estándar de Argentina) GET /products TypeError: Cannot read properties of undefined (reading 'cart')"}
{"level":50,"time":1667955645788,"pid":15520,"hostname":"LAPTOP-LNG7Q586","msg":"Tue Nov 08 2022 22:00:45 GMT-0300 (hora estándar de Argentina) DELETE /products Error [ERR_HTTP_HEADERS_SENT]: Cannot set headers after they are sent to the client"}
{"level":50,"time":1667955695189,"pid":15520,"hostname":"LAPTOP-LNG7Q586","msg":"Tue Nov 08 2022 22:01:35 GMT-0300 (hora estándar de Argentina) DELETE /products Error [ERR_HTTP_HEADERS_SENT]: Cannot set headers after they are sent to the client"}
{"level":50,"time":1667955735956,"pid":15520,"hostname":"LAPTOP-LNG7Q586","msg":"Tue Nov 08 2022 22:02:15 GMT-0300 (hora estándar de Argentina) DELETE /products Error [ERR_HTTP_HEADERS_SENT]: Cannot set headers after they are sent to the client"}
{"level":50,"time":1667955793619,"pid":15520,"hostname":"LAPTOP-LNG7Q586","msg":"Tue Nov 08 2022 22:03:13 GMT-0300 (hora estándar de Argentina) DELETE /products Error [ERR_HTTP_HEADERS_SENT]: Cannot set headers after they are sent to the client"}
{"level":50,"time":1667955841131,"pid":15520,"hostname":"LAPTOP-LNG7Q586","msg":"Tue Nov 08 2022 22:04:01 GMT-0300 (hora estándar de Argentina) DELETE /products Error [ERR_HTTP_HEADERS_SENT]: Cannot set headers after they are sent to the client"}
{"level":50,"time":1667955870034,"pid":8332,"hostname":"LAPTOP-LNG7Q586","msg":"Tue Nov 08 2022 22:04:30 GMT-0300 (hora estándar de Argentina) DELETE /products Error [ERR_HTTP_HEADERS_SENT]: Cannot set headers after they are sent to the client"}
{"level":50,"time":1667955958117,"pid":3964,"hostname":"LAPTOP-LNG7Q586","msg":"Tue Nov 08 2022 22:05:58 GMT-0300 (hora estándar de Argentina) DELETE /products Error [ERR_HTTP_HEADERS_SENT]: Cannot set headers after they are sent to the client"}
{"level":50,"time":1667955964217,"pid":3964,"hostname":"LAPTOP-LNG7Q586","msg":"Tue Nov 08 2022 22:06:04 GMT-0300 (hora estándar de Argentina) DELETE /products Error [ERR_HTTP_HEADERS_SENT]: Cannot set headers after they are sent to the client"}
{"level":50,"time":1667955969342,"pid":3964,"hostname":"LAPTOP-LNG7Q586","msg":"Tue Nov 08 2022 22:06:09 GMT-0300 (hora estándar de Argentina) DELETE /products Error [ERR_HTTP_HEADERS_SENT]: Cannot set headers after they are sent to the client"}
{"level":50,"time":1667956313633,"pid":29584,"hostname":"LAPTOP-LNG7Q586","msg":"Tue Nov 08 2022 22:11:53 GMT-0300 (hora estándar de Argentina) PUT /products Error [ERR_HTTP_HEADERS_SENT]: Cannot set headers after they are sent to the client"}
{"level":50,"time":1667956316563,"pid":29584,"hostname":"LAPTOP-LNG7Q586","msg":"Tue Nov 08 2022 22:11:56 GMT-0300 (hora estándar de Argentina) PUT /products Error [ERR_HTTP_HEADERS_SENT]: Cannot set headers after they are sent to the client"}
{"level":50,"time":1667956369719,"pid":20092,"hostname":"LAPTOP-LNG7Q586","msg":"Tue Nov 08 2022 22:12:49 GMT-0300 (hora estándar de Argentina) PUT /products Error [ERR_HTTP_HEADERS_SENT]: Cannot set headers after they are sent to the client"}
{"level":50,"time":1667956371579,"pid":20092,"hostname":"LAPTOP-LNG7Q586","msg":"Tue Nov 08 2022 22:12:51 GMT-0300 (hora estándar de Argentina) PUT /products Error [ERR_HTTP_HEADERS_SENT]: Cannot set headers after they are sent to the client"}
{"level":50,"time":1667956373953,"pid":20092,"hostname":"LAPTOP-LNG7Q586","msg":"Tue Nov 08 2022 22:12:53 GMT-0300 (hora estándar de Argentina) PUT /products Error [ERR_HTTP_HEADERS_SENT]: Cannot set headers after they are sent to the client"}
{"level":50,"time":1667956375753,"pid":20092,"hostname":"LAPTOP-LNG7Q586","msg":"Tue Nov 08 2022 22:12:55 GMT-0300 (hora estándar de Argentina) PUT /products Error [ERR_HTTP_HEADERS_SENT]: Cannot set headers after they are sent to the client"}
{"level":50,"time":1667956378221,"pid":20092,"hostname":"LAPTOP-LNG7Q586","msg":"Tue Nov 08 2022 22:12:58 GMT-0300 (hora estándar de Argentina) PUT /products Error [ERR_HTTP_HEADERS_SENT]: Cannot set headers after they are sent to the client"}
{"level":50,"time":1667956380236,"pid":20092,"hostname":"LAPTOP-LNG7Q586","msg":"Tue Nov 08 2022 22:13:00 GMT-0300 (hora estándar de Argentina) PUT /products Error [ERR_HTTP_HEADERS_SENT]: Cannot set headers after they are sent to the client"}
{"level":50,"time":1667956382168,"pid":20092,"hostname":"LAPTOP-LNG7Q586","msg":"Tue Nov 08 2022 22:13:02 GMT-0300 (hora estándar de Argentina) PUT /products Error [ERR_HTTP_HEADERS_SENT]: Cannot set headers after they are sent to the client"}
{"level":50,"time":1667956383667,"pid":20092,"hostname":"LAPTOP-LNG7Q586","msg":"Tue Nov 08 2022 22:13:03 GMT-0300 (hora estándar de Argentina) PUT /products Error [ERR_HTTP_HEADERS_SENT]: Cannot set headers after they are sent to the client"}
{"level":50,"time":1667956386937,"pid":20092,"hostname":"LAPTOP-LNG7Q586","msg":"Tue Nov 08 2022 22:13:06 GMT-0300 (hora estándar de Argentina) PUT /products Error [ERR_HTTP_HEADERS_SENT]: Cannot set headers after they are sent to the client"}
{"level":50,"time":1667956389225,"pid":20092,"hostname":"LAPTOP-LNG7Q586","msg":"Tue Nov 08 2022 22:13:09 GMT-0300 (hora estándar de Argentina) DELETE /products Error [ERR_HTTP_HEADERS_SENT]: Cannot set headers after they are sent to the client"}
{"level":50,"time":1667956490914,"pid":27488,"hostname":"LAPTOP-LNG7Q586","msg":"Tue Nov 08 2022 22:14:50 GMT-0300 (hora estándar de Argentina) PUT /products Error [ERR_HTTP_HEADERS_SENT]: Cannot set headers after they are sent to the client"}
{"level":50,"time":1667956493490,"pid":27488,"hostname":"LAPTOP-LNG7Q586","msg":"Tue Nov 08 2022 22:14:53 GMT-0300 (hora estándar de Argentina) PUT /products Error [ERR_HTTP_HEADERS_SENT]: Cannot set headers after they are sent to the client"}
{"level":50,"time":1667956573752,"pid":11792,"hostname":"LAPTOP-LNG7Q586","msg":"Tue Nov 08 2022 22:16:13 GMT-0300 (hora estándar de Argentina) PUT /products Error [ERR_HTTP_HEADERS_SENT]: Cannot set headers after they are sent to the client"}
{"level":50,"time":1667956575849,"pid":11792,"hostname":"LAPTOP-LNG7Q586","msg":"Tue Nov 08 2022 22:16:15 GMT-0300 (hora estándar de Argentina) PUT /products Error [ERR_HTTP_HEADERS_SENT]: Cannot set headers after they are sent to the client"}
{"level":50,"time":1667956577773,"pid":11792,"hostname":"LAPTOP-LNG7Q586","msg":"Tue Nov 08 2022 22:16:17 GMT-0300 (hora estándar de Argentina) PUT /products Error [ERR_HTTP_HEADERS_SENT]: Cannot set headers after they are sent to the client"}
{"level":50,"time":1667956579681,"pid":11792,"hostname":"LAPTOP-LNG7Q586","msg":"Tue Nov 08 2022 22:16:19 GMT-0300 (hora estándar de Argentina) PUT /products Error [ERR_HTTP_HEADERS_SENT]: Cannot set headers after they are sent to the client"}
{"level":50,"time":1667956582697,"pid":11792,"hostname":"LAPTOP-LNG7Q586","msg":"Tue Nov 08 2022 22:16:22 GMT-0300 (hora estándar de Argentina) PUT /products Error [ERR_HTTP_HEADERS_SENT]: Cannot set headers after they are sent to the client"}
{"level":50,"time":1667956618140,"pid":24652,"hostname":"LAPTOP-LNG7Q586","msg":"Tue Nov 08 2022 22:16:58 GMT-0300 (hora estándar de Argentina) PUT /products Error [ERR_HTTP_HEADERS_SENT]: Cannot set headers after they are sent to the client"}
{"level":50,"time":1667956619778,"pid":24652,"hostname":"LAPTOP-LNG7Q586","msg":"Tue Nov 08 2022 22:16:59 GMT-0300 (hora estándar de Argentina) PUT /products Error [ERR_HTTP_HEADERS_SENT]: Cannot set headers after they are sent to the client"}
{"level":50,"time":1667956621670,"pid":24652,"hostname":"LAPTOP-LNG7Q586","msg":"Tue Nov 08 2022 22:17:01 GMT-0300 (hora estándar de Argentina) PUT /products Error [ERR_HTTP_HEADERS_SENT]: Cannot set headers after they are sent to the client"}
{"level":50,"time":1667956625861,"pid":24652,"hostname":"LAPTOP-LNG7Q586","msg":"Tue Nov 08 2022 22:17:05 GMT-0300 (hora estándar de Argentina) PUT /products Error [ERR_HTTP_HEADERS_SENT]: Cannot set headers after they are sent to the client"}
{"level":50,"time":1667956627646,"pid":24652,"hostname":"LAPTOP-LNG7Q586","msg":"Tue Nov 08 2022 22:17:07 GMT-0300 (hora estándar de Argentina) PUT /products Error [ERR_HTTP_HEADERS_SENT]: Cannot set headers after they are sent to the client"}
{"level":50,"time":1667956629436,"pid":24652,"hostname":"LAPTOP-LNG7Q586","msg":"Tue Nov 08 2022 22:17:09 GMT-0300 (hora estándar de Argentina) PUT /products Error [ERR_HTTP_HEADERS_SENT]: Cannot set headers after they are sent to the client"}
{"level":50,"time":1667956629830,"pid":24652,"hostname":"LAPTOP-LNG7Q586","msg":"Tue Nov 08 2022 22:17:09 GMT-0300 (hora estándar de Argentina) PUT /products Error [ERR_HTTP_HEADERS_SENT]: Cannot set headers after they are sent to the client"}
{"level":50,"time":1667956769279,"pid":12360,"hostname":"LAPTOP-LNG7Q586","msg":"Tue Nov 08 2022 22:19:29 GMT-0300 (hora estándar de Argentina) PUT /products Error [ERR_HTTP_HEADERS_SENT]: Cannot set headers after they are sent to the client"}
{"level":50,"time":1667956771064,"pid":12360,"hostname":"LAPTOP-LNG7Q586","msg":"Tue Nov 08 2022 22:19:31 GMT-0300 (hora estándar de Argentina) PUT /products Error [ERR_HTTP_HEADERS_SENT]: Cannot set headers after they are sent to the client"}
{"level":50,"time":1667956773276,"pid":12360,"hostname":"LAPTOP-LNG7Q586","msg":"Tue Nov 08 2022 22:19:33 GMT-0300 (hora estándar de Argentina) PUT /products Error [ERR_HTTP_HEADERS_SENT]: Cannot set headers after they are sent to the client"}
{"level":50,"time":1667956775277,"pid":12360,"hostname":"LAPTOP-LNG7Q586","msg":"Tue Nov 08 2022 22:19:35 GMT-0300 (hora estándar de Argentina) PUT /products Error [ERR_HTTP_HEADERS_SENT]: Cannot set headers after they are sent to the client"}
{"level":50,"time":1667956778518,"pid":12360,"hostname":"LAPTOP-LNG7Q586","msg":"Tue Nov 08 2022 22:19:38 GMT-0300 (hora estándar de Argentina) PUT /products Error [ERR_HTTP_HEADERS_SENT]: Cannot set headers after they are sent to the client"}
{"level":50,"time":1667956780375,"pid":12360,"hostname":"LAPTOP-LNG7Q586","msg":"Tue Nov 08 2022 22:19:40 GMT-0300 (hora estándar de Argentina) PUT /products Error [ERR_HTTP_HEADERS_SENT]: Cannot set headers after they are sent to the client"}
{"level":50,"time":1667956781355,"pid":12360,"hostname":"LAPTOP-LNG7Q586","msg":"Tue Nov 08 2022 22:19:41 GMT-0300 (hora estándar de Argentina) PUT /products Error [ERR_HTTP_HEADERS_SENT]: Cannot set headers after they are sent to the client"}
{"level":50,"time":1667956784093,"pid":12360,"hostname":"LAPTOP-LNG7Q586","msg":"Tue Nov 08 2022 22:19:44 GMT-0300 (hora estándar de Argentina) PUT /products Error [ERR_HTTP_HEADERS_SENT]: Cannot set headers after they are sent to the client"}
{"level":50,"time":1667956785545,"pid":12360,"hostname":"LAPTOP-LNG7Q586","msg":"Tue Nov 08 2022 22:19:45 GMT-0300 (hora estándar de Argentina) PUT /products Error [ERR_HTTP_HEADERS_SENT]: Cannot set headers after they are sent to the client"}
{"level":50,"time":1667956787476,"pid":12360,"hostname":"LAPTOP-LNG7Q586","msg":"Tue Nov 08 2022 22:19:47 GMT-0300 (hora estándar de Argentina) PUT /products Error [ERR_HTTP_HEADERS_SENT]: Cannot set headers after they are sent to the client"}
{"level":50,"time":1667956789922,"pid":12360,"hostname":"LAPTOP-LNG7Q586","msg":"Tue Nov 08 2022 22:19:49 GMT-0300 (hora estándar de Argentina) DELETE /products Error [ERR_HTTP_HEADERS_SENT]: Cannot set headers after they are sent to the client"}
{"level":50,"time":1667956793347,"pid":12360,"hostname":"LAPTOP-LNG7Q586","msg":"Tue Nov 08 2022 22:19:53 GMT-0300 (hora estándar de Argentina) DELETE /products Error [ERR_HTTP_HEADERS_SENT]: Cannot set headers after they are sent to the client"}
{"level":50,"time":1667957037647,"pid":20024,"hostname":"LAPTOP-LNG7Q586","msg":"Tue Nov 08 2022 22:23:57 GMT-0300 (hora estándar de Argentina) PUT /products Error [ERR_HTTP_HEADERS_SENT]: Cannot set headers after they are sent to the client"}
{"level":50,"time":1667957039516,"pid":20024,"hostname":"LAPTOP-LNG7Q586","msg":"Tue Nov 08 2022 22:23:59 GMT-0300 (hora estándar de Argentina) PUT /products Error [ERR_HTTP_HEADERS_SENT]: Cannot set headers after they are sent to the client"}
{"level":50,"time":1667957041490,"pid":20024,"hostname":"LAPTOP-LNG7Q586","msg":"Tue Nov 08 2022 22:24:01 GMT-0300 (hora estándar de Argentina) DELETE /products Error [ERR_HTTP_HEADERS_SENT]: Cannot set headers after they are sent to the client"}
{"level":50,"time":1667957043796,"pid":20024,"hostname":"LAPTOP-LNG7Q586","msg":"Tue Nov 08 2022 22:24:03 GMT-0300 (hora estándar de Argentina) DELETE /products Error [ERR_HTTP_HEADERS_SENT]: Cannot set headers after they are sent to the client"}
{"level":50,"time":1667957069635,"pid":20024,"hostname":"LAPTOP-LNG7Q586","msg":"Tue Nov 08 2022 22:24:29 GMT-0300 (hora estándar de Argentina) DELETE /products Error [ERR_HTTP_HEADERS_SENT]: Cannot set headers after they are sent to the client"}
{"level":50,"time":1667957301476,"pid":18528,"hostname":"LAPTOP-LNG7Q586","msg":"Tue Nov 08 2022 22:28:21 GMT-0300 (hora estándar de Argentina) PUT /products Error [ERR_HTTP_HEADERS_SENT]: Cannot set headers after they are sent to the client"}
{"level":50,"time":1667957303259,"pid":18528,"hostname":"LAPTOP-LNG7Q586","msg":"Tue Nov 08 2022 22:28:23 GMT-0300 (hora estándar de Argentina) DELETE /products Error [ERR_HTTP_HEADERS_SENT]: Cannot set headers after they are sent to the client"}
{"level":50,"time":1667957305006,"pid":18528,"hostname":"LAPTOP-LNG7Q586","msg":"Tue Nov 08 2022 22:28:25 GMT-0300 (hora estándar de Argentina) DELETE /products Error [ERR_HTTP_HEADERS_SENT]: Cannot set headers after they are sent to the client"}
{"level":50,"time":1667957311082,"pid":18528,"hostname":"LAPTOP-LNG7Q586","msg":"Tue Nov 08 2022 22:28:31 GMT-0300 (hora estándar de Argentina) DELETE /products Error [ERR_HTTP_HEADERS_SENT]: Cannot set headers after they are sent to the client"}
{"level":50,"time":1668264959285,"pid":22056,"hostname":"LAPTOP-LNG7Q586","msg":"Sat Nov 12 2022 11:55:59 GMT-0300 (hora estándar de Argentina) PUT /products Error [ERR_HTTP_HEADERS_SENT]: Cannot set headers after they are sent to the client"}
{"level":50,"time":1668264960895,"pid":22056,"hostname":"LAPTOP-LNG7Q586","msg":"Sat Nov 12 2022 11:56:00 GMT-0300 (hora estándar de Argentina) PUT /products Error [ERR_HTTP_HEADERS_SENT]: Cannot set headers after they are sent to the client"}
{"level":50,"time":1668264962597,"pid":22056,"hostname":"LAPTOP-LNG7Q586","msg":"Sat Nov 12 2022 11:56:02 GMT-0300 (hora estándar de Argentina) DELETE /products Error [ERR_HTTP_HEADERS_SENT]: Cannot set headers after they are sent to the client"}
{"level":50,"time":1668264964620,"pid":22056,"hostname":"LAPTOP-LNG7Q586","msg":"Sat Nov 12 2022 11:56:04 GMT-0300 (hora estándar de Argentina) DELETE /products Error [ERR_HTTP_HEADERS_SENT]: Cannot set headers after they are sent to the client"}
{"level":50,"time":1668867110653,"pid":14784,"hostname":"LAPTOP-LNG7Q586","msg":"Sat Nov 19 2022 11:11:50 GMT-0300 (hora estándar de Argentina) POST / TypeError: Cannot read properties of undefined (reading 'filename')"}
{"level":50,"time":1668867200248,"pid":20508,"hostname":"LAPTOP-LNG7Q586","msg":"Sat Nov 19 2022 11:13:20 GMT-0300 (hora estándar de Argentina) POST / TypeError: Cannot read properties of undefined (reading 'filename')"}
{"level":50,"time":1668867268349,"pid":20508,"hostname":"LAPTOP-LNG7Q586","msg":"Sat Nov 19 2022 11:14:28 GMT-0300 (hora estándar de Argentina) POST / TypeError: Cannot read properties of undefined (reading 'filename')"}
{"level":50,"time":1668867368794,"pid":20508,"hostname":"LAPTOP-LNG7Q586","msg":"Sat Nov 19 2022 11:16:08 GMT-0300 (hora estándar de Argentina) POST / TypeError: Cannot read properties of undefined (reading 'filename')"}
{"level":50,"time":1668867386584,"pid":23496,"hostname":"LAPTOP-LNG7Q586","msg":"Sat Nov 19 2022 11:16:26 GMT-0300 (hora estándar de Argentina) POST / TypeError: Cannot read properties of undefined (reading 'filename')"}
{"level":50,"time":1668872180129,"pid":28548,"hostname":"LAPTOP-LNG7Q586","msg":"Sat Nov 19 2022 12:36:20 GMT-0300 (hora estándar de Argentina) POST / TypeError: Cannot read properties of undefined (reading 'filename')"}
{"level":50,"time":1668872668346,"pid":20556,"hostname":"LAPTOP-LNG7Q586","msg":"Sat Nov 19 2022 12:44:28 GMT-0300 (hora estándar de Argentina) POST / TypeError: Cannot read properties of undefined (reading 'filename')"}
{"level":50,"time":1668872757172,"pid":20600,"hostname":"LAPTOP-LNG7Q586","msg":"Sat Nov 19 2022 12:45:57 GMT-0300 (hora estándar de Argentina) POST / ReferenceError: conso is not defined"}
{"level":50,"time":1668907623801,"pid":2460,"hostname":"LAPTOP-LNG7Q586","msg":"Sat Nov 19 2022 22:27:03 GMT-0300 (hora estándar de Argentina) GET /products TypeError: Cannot read properties of undefined (reading 'cart')"}
{"level":50,"time":1668908152443,"pid":16896,"hostname":"LAPTOP-LNG7Q586","msg":"Sat Nov 19 2022 22:35:52 GMT-0300 (hora estándar de Argentina) GET /products TypeError: Cannot read properties of undefined (reading 'cart')"}
{"level":50,"time":1668908225020,"pid":16896,"hostname":"LAPTOP-LNG7Q586","msg":"Sat Nov 19 2022 22:37:05 GMT-0300 (hora estándar de Argentina) GET /products TypeError: Cannot read properties of undefined (reading 'cart')"}
{"level":50,"time":1668908277704,"pid":16896,"hostname":"LAPTOP-LNG7Q586","msg":"Sat Nov 19 2022 22:37:57 GMT-0300 (hora estándar de Argentina) GET /products TypeError: Cannot read properties of undefined (reading 'cart')"}
{"level":50,"time":1668908329491,"pid":25108,"hostname":"LAPTOP-LNG7Q586","msg":"Sat Nov 19 2022 22:38:49 GMT-0300 (hora estándar de Argentina) GET /products TypeError: Cannot read properties of undefined (reading 'cart')"}
{"level":50,"time":1668908359863,"pid":25108,"hostname":"LAPTOP-LNG7Q586","msg":"Sat Nov 19 2022 22:39:19 GMT-0300 (hora estándar de Argentina) GET /products TypeError: Cannot read properties of undefined (reading 'cart')"}
{"level":50,"time":1668909246074,"pid":20948,"hostname":"LAPTOP-LNG7Q586","msg":"Sat Nov 19 2022 22:54:06 GMT-0300 (hora estándar de Argentina) DELETE /products Error [ERR_HTTP_HEADERS_SENT]: Cannot set headers after they are sent to the client"}
{"level":50,"time":1669384314429,"pid":1600,"hostname":"LAPTOP-LNG7Q586","msg":"Fri Nov 25 2022 10:51:54 GMT-0300 (hora estándar de Argentina) PUT /products Error [ERR_HTTP_HEADERS_SENT]: Cannot set headers after they are sent to the client"}
{"level":50,"time":1669384317290,"pid":1600,"hostname":"LAPTOP-LNG7Q586","msg":"Fri Nov 25 2022 10:51:57 GMT-0300 (hora estándar de Argentina) PUT /products Error [ERR_HTTP_HEADERS_SENT]: Cannot set headers after they are sent to the client"}
{"level":50,"time":1669384319396,"pid":1600,"hostname":"LAPTOP-LNG7Q586","msg":"Fri Nov 25 2022 10:51:59 GMT-0300 (hora estándar de Argentina) PUT /products Error [ERR_HTTP_HEADERS_SENT]: Cannot set headers after they are sent to the client"}
{"level":50,"time":1669384322338,"pid":1600,"hostname":"LAPTOP-LNG7Q586","msg":"Fri Nov 25 2022 10:52:02 GMT-0300 (hora estándar de Argentina) PUT /products Error [ERR_HTTP_HEADERS_SENT]: Cannot set headers after they are sent to the client"}
{"level":50,"time":1669384323340,"pid":1600,"hostname":"LAPTOP-LNG7Q586","msg":"Fri Nov 25 2022 10:52:03 GMT-0300 (hora estándar de Argentina) PUT /products Error [ERR_HTTP_HEADERS_SENT]: Cannot set headers after they are sent to the client"}
{"level":50,"time":1669384325593,"pid":1600,"hostname":"LAPTOP-LNG7Q586","msg":"Fri Nov 25 2022 10:52:05 GMT-0300 (hora estándar de Argentina) DELETE /products Error [ERR_HTTP_HEADERS_SENT]: Cannot set headers after they are sent to the client"}
{"level":50,"time":1669384329397,"pid":1600,"hostname":"LAPTOP-LNG7Q586","msg":"Fri Nov 25 2022 10:52:09 GMT-0300 (hora estándar de Argentina) PUT /products Error [ERR_HTTP_HEADERS_SENT]: Cannot set headers after they are sent to the client"}
{"level":50,"time":1669384331286,"pid":1600,"hostname":"LAPTOP-LNG7Q586","msg":"Fri Nov 25 2022 10:52:11 GMT-0300 (hora estándar de Argentina) DELETE /products Error [ERR_HTTP_HEADERS_SENT]: Cannot set headers after they are sent to the client"}
{"level":50,"time":1671637763664,"pid":5956,"hostname":"LAPTOP-LNG7Q586","msg":"Wed Dec 21 2022 12:49:23 GMT-0300 (hora estándar de Argentina) PUT /products Error [ERR_HTTP_HEADERS_SENT]: Cannot set headers after they are sent to the client"}
{"level":50,"time":1671637765480,"pid":5956,"hostname":"LAPTOP-LNG7Q586","msg":"Wed Dec 21 2022 12:49:25 GMT-0300 (hora estándar de Argentina) DELETE /products Error [ERR_HTTP_HEADERS_SENT]: Cannot set headers after they are sent to the client"}
